[22:10:28] [main/INFO] [LaunchWrapper]: Loading tweak class name net.minecraftforge.fml.common.launcher.FMLServerTweaker
[22:10:28] [main/INFO] [LaunchWrapper]: Using primary tweak class name net.minecraftforge.fml.common.launcher.FMLServerTweaker
[22:10:28] [main/INFO] [LaunchWrapper]: Calling tweak class net.minecraftforge.fml.common.launcher.FMLServerTweaker
[22:10:28] [main/DEBUG] [FML]: Injecting tracing printstreams for STDOUT/STDERR.
[22:10:28] [main/INFO] [FML]: Forge Mod Loader version 14.23.5.2838 for Minecraft 1.12.2 loading
[22:10:28] [main/INFO] [FML]: Java is OpenJDK 64-Bit Server VM, version 1.8.0_275, running on Linux:amd64:5.4.0-65-generic, installed at /usr/lib/jvm/java-8-openjdk-amd64/jre
[22:10:28] [main/DEBUG] [FML]: Java classpath at launch is:
[22:10:28] [main/DEBUG] [FML]:     /home/minecraft/minecraft_server/forge-1.12.2-14.23.5.2838-universal.jar
[22:10:28] [main/DEBUG] [FML]: Java library path at launch is:
[22:10:28] [main/DEBUG] [FML]:     /usr/java/packages/lib/amd64
[22:10:28] [main/DEBUG] [FML]:     /usr/lib/x86_64-linux-gnu/jni
[22:10:28] [main/DEBUG] [FML]:     /lib/x86_64-linux-gnu
[22:10:28] [main/DEBUG] [FML]:     /usr/lib/x86_64-linux-gnu
[22:10:28] [main/DEBUG] [FML]:     /usr/lib/jni
[22:10:28] [main/DEBUG] [FML]:     /lib
[22:10:28] [main/DEBUG] [FML]:     /usr/lib
[22:10:28] [main/DEBUG] [FML]: Determined Minecraft Libraries Root: /home/minecraft/minecraft_server/libraries
[22:10:28] [main/DEBUG] [FML]: Cleaning up mods folder: ./mods
[22:10:28] [main/DEBUG] [FML]: Enabling runtime deobfuscation
[22:10:28] [main/DEBUG] [FML]: Instantiating coremod class FMLCorePlugin
[22:10:28] [main/DEBUG] [FML]: Found signing certificates for coremod FMLCorePlugin (net.minecraftforge.fml.relauncher.FMLCorePlugin)
[22:10:28] [main/DEBUG] [FML]: Found certificate e3c3d50c7c986df74c645c0ac54639741c90a557
[22:10:28] [main/DEBUG] [FML]: Added access transformer class net.minecraftforge.fml.common.asm.transformers.AccessTransformer to enqueued access transformers
[22:10:28] [main/DEBUG] [FML]: Enqueued coremod FMLCorePlugin
[22:10:28] [main/DEBUG] [FML]: Instantiating coremod class FMLForgePlugin
[22:10:28] [main/DEBUG] [FML]: Found signing certificates for coremod FMLForgePlugin (net.minecraftforge.classloading.FMLForgePlugin)
[22:10:28] [main/DEBUG] [FML]: Found certificate e3c3d50c7c986df74c645c0ac54639741c90a557
[22:10:28] [main/DEBUG] [FML]: Enqueued coremod FMLForgePlugin
[22:10:28] [main/DEBUG] [FML]: All fundamental core mods are successfully located
[22:10:28] [main/DEBUG] [FML]: Discovering coremods
[22:10:28] [main/INFO] [FML]: Searching /home/bdatdo0601/Misc/packages/minecraftboi/./mods for mods
[22:10:28] [main/INFO] [LaunchWrapper]: Loading tweak class name net.minecraftforge.fml.common.launcher.FMLInjectionAndSortingTweaker
[22:10:28] [main/INFO] [LaunchWrapper]: Loading tweak class name net.minecraftforge.fml.common.launcher.FMLDeobfTweaker
[22:10:28] [main/INFO] [LaunchWrapper]: Calling tweak class net.minecraftforge.fml.common.launcher.FMLInjectionAndSortingTweaker
[22:10:28] [main/INFO] [LaunchWrapper]: Calling tweak class net.minecraftforge.fml.common.launcher.FMLInjectionAndSortingTweaker
[22:10:28] [main/INFO] [LaunchWrapper]: Calling tweak class net.minecraftforge.fml.relauncher.CoreModManager$FMLPluginWrapper
[22:10:28] [main/DEBUG] [FML]: Injecting coremod FMLCorePlugin \{net.minecraftforge.fml.relauncher.FMLCorePlugin\} class transformers
[22:10:28] [main/TRACE] [FML]: Registering transformer net.minecraftforge.fml.common.asm.transformers.SideTransformer
[22:10:28] [main/TRACE] [FML]: Registering transformer net.minecraftforge.fml.common.asm.transformers.EventSubscriptionTransformer
[22:10:28] [main/TRACE] [FML]: Registering transformer net.minecraftforge.fml.common.asm.transformers.EventSubscriberTransformer
[22:10:28] [main/TRACE] [FML]: Registering transformer net.minecraftforge.fml.common.asm.transformers.SoundEngineFixTransformer
[22:10:28] [main/DEBUG] [FML]: Injection complete
[22:10:28] [main/DEBUG] [FML]: Running coremod plugin for FMLCorePlugin \{net.minecraftforge.fml.relauncher.FMLCorePlugin\}
[22:10:28] [main/DEBUG] [FML]: Running coremod plugin FMLCorePlugin
[22:10:29] [main/DEBUG] [FML]: Read 1140 binary patches
[22:10:30] [main/DEBUG] [FML]: Loading deobfuscation resource /deobfuscation_data-1.12.2.lzma with 36083 records
[22:10:30] [main/INFO] [FML]: Found valid fingerprint for Minecraft Forge. Certificate fingerprint e3c3d50c7c986df74c645c0ac54639741c90a557
[22:10:30] [main/DEBUG] [FML]: Coremod plugin class FMLCorePlugin run successfully
[22:10:30] [main/INFO] [LaunchWrapper]: Calling tweak class net.minecraftforge.fml.relauncher.CoreModManager$FMLPluginWrapper
[22:10:30] [main/DEBUG] [FML]: Injecting coremod FMLForgePlugin \{net.minecraftforge.classloading.FMLForgePlugin\} class transformers
[22:10:30] [main/DEBUG] [FML]: Injection complete
[22:10:30] [main/DEBUG] [FML]: Running coremod plugin for FMLForgePlugin \{net.minecraftforge.classloading.FMLForgePlugin\}
[22:10:30] [main/DEBUG] [FML]: Running coremod plugin FMLForgePlugin
[22:10:30] [main/DEBUG] [FML]: Coremod plugin class FMLForgePlugin run successfully
[22:10:30] [main/INFO] [LaunchWrapper]: Calling tweak class net.minecraftforge.fml.common.launcher.FMLDeobfTweaker
[22:10:30] [main/DEBUG] [FML]: Loaded 215 rules from AccessTransformer config file forge_at.cfg
[22:10:30] [main/DEBUG] [FML]: Validating minecraft
[22:10:31] [main/DEBUG] [FML]: Minecraft validated, launching...
[22:10:31] [main/INFO] [LaunchWrapper]: Loading tweak class name net.minecraftforge.fml.common.launcher.TerminalTweaker
[22:10:31] [main/INFO] [LaunchWrapper]: Calling tweak class net.minecraftforge.fml.common.launcher.TerminalTweaker
[22:10:31] [main/INFO] [LaunchWrapper]: Launching wrapped minecraft {net.minecraft.server.MinecraftServer}
[22:10:31] [main/INFO] [net.minecraft.server.MinecraftServer]: You need to agree to the EULA in order to run the server. Go to eula.txt for more info.
